../data/helps/help.are
../data/helps/rot.are
../data/helps/group.are
../data/helps/olc.hlp
phome.are
limbo.are
gaalstrom.are
hood.are
mahntor.are
school.are
canyon.are
drakyri.are
pirate.are
valleyd.are
trials.are
battlef.are
mcave.are
tenilwyn.are
warcastl.are
qobj.are
suraman.are
cdome.are
kalgil.are
celestia.are
eaglep.are
mangan.are
kalarea.are
city1.are
vrugar.are
qstzone.are
clanhall.are
mangan2.are
dorlan.are
immort.are
chapel.are
elffort.are
smurf.are
arachnos.are
astral.are
camelot.are
catacomb.are
chess1.are
dark.are
daycare.are
divsouls.are
draconia.are
drow.are
dwarven.are
eastern.are
galaxy.are
gnome.are
grave.are
grove.are
haon.are
marsh.are
mega1.are
midennir.are
mirkwood.are
mobfact.are
moria.are
newthalos.are
nirvana.are
ofcol2.are
olympus.are
pyramid.are
sewer.are
stonebow.are
thalos.are
tohell.are
trollden.are
valley.are
wyvern.are
mirror.are
shire.are
redferne.are
$
